<?xml version="1.0" encoding="UTF-8"?>
<testsuite name="CarrinhoDeCompraTest" tests="4" skipped="0" failures="0" errors="0" timestamp="2021-12-23T12:00:18" hostname="MacBook-Pro-de-Wesley.local" time="0.004">
  <properties/>
  <testcase name="Calcular valor do carrinho" classname="CarrinhoDeCompraTest" time="0.003"/>
  <testcase name="Adicionar pizza no carrinho sem ingrediente" classname="CarrinhoDeCompraTest" time="0.001"/>
  <testcase name="Adicionar pizza no carrinho com um ingrediente" classname="CarrinhoDeCompraTest" time="0.0"/>
  <testcase name="Calcular valor do carrinho uma pizza" classname="CarrinhoDeCompraTest" time="0.0"/>
  <system-out><![CDATA[]]></system-out>
  <system-err><![CDATA[]]></system-err>
</testsuite>
